<?xml version='1.0' encoding='UTF-8'?>
<testsuite hostname="DESKTOP-FF443BI" name="test.scala.de.hopf.PointSpec" tests="1" errors="0" failures="0" skipped="0" time="0.018" timestamp="2020-05-04T18:16:31">
                     <properties>
      <property name="jline.esc.timeout" value="0"/><property name="java.runtime.name" value="Java(TM) SE Runtime Environment"/><property name="sun.boot.library.path" value="D:\Programme\Java\jdk1.8.0_77\jre\bin"/><property name="java.vm.version" value="25.77-b03"/><property name="java.vm.vendor" value="Oracle Corporation"/><property name="java.vendor.url" value="http://java.oracle.com/"/><property name="path.separator" value=";"/><property name="jna.loaded" value="true"/><property name="java.vm.name" value="Java HotSpot(TM) 64-Bit Server VM"/><property name="file.encoding.pkg" value="sun.io"/><property name="user.country" value="DE"/><property name="user.script" value=""/><property name="sun.java.launcher" value="SUN_STANDARD"/><property name="sun.os.patch.level" value=""/><property name="jna.nosys" value="true"/><property name="java.vm.specification.name" value="Java Virtual Machine Specification"/><property name="user.dir" value="D:\playground\scala\ScalaCalcPoints"/><property name="java.runtime.version" value="1.8.0_77-b03"/><property name="java.awt.graphicsenv" value="sun.awt.Win32GraphicsEnvironment"/><property name="java.endorsed.dirs" value="D:\Programme\Java\jdk1.8.0_77\jre\lib\endorsed"/><property name="os.arch" value="amd64"/><property name="java.io.tmpdir" value="C:\Users\info\AppData\Local\Temp\"/><property name="line.separator" value="
"/><property name="java.vm.specification.vendor" value="Oracle Corporation"/><property name="user.variant" value=""/><property name="os.name" value="Windows 10"/><property name="sun.jnu.encoding" value="Cp1252"/><property name="jnidispatch.path" value="C:\Users\info\AppData\Local\Temp\jna--1997438389\jna1012422739349084624.dll"/><property name="java.library.path" value="D:\Programme\Java\jdk1.8.0_77\bin;C:\WINDOWS\Sun\Java\bin;C:\WINDOWS\system32;C:\WINDOWS;D:\Programme\Java\jdk1.8.0_77\bin;C:\Program Files (x86)\Intel\Intel(R) Management Engine Components\iCLS\;C:\Program Files\Intel\Intel(R) Management Engine Components\iCLS\;C:\Program Files (x86)\Common Files\Oracle\Java\javapath;C:\Program Files (x86)\Microsoft SDKs\Azure\CLI2\wbin;D:\Programme\Java\jdk1.8.0_77\bin;D:\apache-maven-3.3.9\bin;C:\ProgramData\Oracle\Java\javapath;C:\Windows\system32;C:\Windows;C:\Windows\System32\Wbem;C:\Windows\System32\WindowsPowerShell\v1.0\;C:\Program Files (x86)\NVIDIA Corporation\PhysX\Common;C:\Program Files\PuTTY\;C:\WINDOWS\system32;C:\WINDOWS;C:\WINDOWS\System32\Wbem;C:\WINDOWS\System32\WindowsPowerShell\v1.0\;C:\WINDOWS\System32\OpenSSH\;D:\groovy-2.4.15\bin;C:\Program Files (x86)\Windows Live\Shared;C:\Program Files (x86)\Intel\Intel(R) Management Engine Components\DAL;C:\Program Files\Intel\Intel(R) Management Engine Components\DAL;C:\Program Files\Microsoft VS Code\bin;C:\Program Files\nodejs\;C:\Program Files (x86)\sbt\bin;D:\Programme\Git\cmd;%GRADLE_HOME%\bin;C:\Users\info\AppData\Local\Microsoft\WindowsApps;C:\Program Files\Microsoft VS Code\bin;C:\Users\info\AppData\Local\GitHubDesktop\bin;C:\Users\info\AppData\Local\Microsoft\WindowsApps;C:\Users\info\AppData\Roaming\npm;C:\Program Files\heroku\bin;D:\oc;;C:\Program Files\Docker Toolbox;C:\Program Files\Docker Toolbox;D:\Program Files\JetBrains\IntelliJ IDEA Community Edition 2019.2.4\bin;;D:\Program Files\JetBrains\IntelliJ IDEA 2020.1.1\bin;;."/><property name="java.specification.name" value="Java Platform API Specification"/><property name="java.class.version" value="52.0"/><property name="sun.management.compiler" value="HotSpot 64-Bit Tiered Compilers"/><property name="os.version" value="10.0"/><property name="user.home" value="C:\Users\info"/><property name="user.timezone" value="Europe/Berlin"/><property name="java.awt.printerjob" value="sun.awt.windows.WPrinterJob"/><property name="file.encoding" value="Cp1252"/><property name="java.specification.version" value="1.8"/><property name="sbt.log.format" value="true"/><property name="java.class.path" value="C:\Program Files (x86)\sbt\bin\sbt-launch.jar"/><property name="user.name" value="Markus"/><property name="jline.shutdownhook" value="false"/><property name="java.vm.specification.version" value="1.8"/><property name="sun.java.command" value="xsbt.boot.Boot test"/><property name="java.home" value="D:\Programme\Java\jdk1.8.0_77\jre"/><property name="sun.arch.data.model" value="64"/><property name="user.language" value="de"/><property name="java.specification.vendor" value="Oracle Corporation"/><property name="awt.toolkit" value="sun.awt.windows.WToolkit"/><property name="java.vm.info" value="mixed mode"/><property name="java.version" value="1.8.0_77"/><property name="java.ext.dirs" value="D:\Programme\Java\jdk1.8.0_77\jre\lib\ext;C:\WINDOWS\Sun\Java\lib\ext"/><property name="sun.boot.class.path" value="D:\Programme\Java\jdk1.8.0_77\jre\lib\resources.jar;D:\Programme\Java\jdk1.8.0_77\jre\lib\rt.jar;D:\Programme\Java\jdk1.8.0_77\jre\lib\sunrsasign.jar;D:\Programme\Java\jdk1.8.0_77\jre\lib\jsse.jar;D:\Programme\Java\jdk1.8.0_77\jre\lib\jce.jar;D:\Programme\Java\jdk1.8.0_77\jre\lib\charsets.jar;D:\Programme\Java\jdk1.8.0_77\jre\lib\jfr.jar;D:\Programme\Java\jdk1.8.0_77\jre\classes"/><property name="java.vendor" value="Oracle Corporation"/><property name="sun.stderr.encoding" value="cp850"/><property name="file.separator" value="\"/><property name="java.vendor.url.bug" value="http://bugreport.sun.com/bugreport/"/><property name="sun.io.unicode.encoding" value="UnicodeLittle"/><property name="sun.cpu.endian" value="little"/><property name="sun.stdout.encoding" value="cp850"/><property name="sun.desktop" value="windows"/><property name="sun.cpu.isalist" value="amd64"/>
    </properties>
                     <testcase classname="test.scala.de.hopf.PointSpec" name="A Point should have x and y" time="0.018">
                                                 
                                               </testcase>
                     <system-out><![CDATA[]]></system-out>
                     <system-err><![CDATA[]]></system-err>
                   </testsuite>